# JRE version: OpenJDK Runtime Environment (17.0.11) (build 17.0.11+0--11852314)
# Java VM: OpenJDK 64-Bit Server VM (17.0.11+0--11852314, mixed mode, tiered, compressed oops, compressed class ptrs, g1 gc, windows-amd64)
GC Precious Log:
 CPUs: 12 total, 12 available
 Memory: 16105M
 Large Page Support: Disabled
 NUMA Support: Disabled
 Compressed Oops: Enabled (Zero based)
 Heap Region Size: 2M
 Heap Min Capacity: 8M
 Heap Initial Capacity: 252M
 Heap Max Capacity: 4G
 Pre-touch: Disabled
 Parallel Workers: 10
 Concurrent Workers: 3
 Concurrent Refinement Workers: 10
 Periodic GC: Disabled
Heap:
 garbage-first heap   total 614400K, used 352988K [0x0000000700000000, 0x0000000800000000)
  region size 2048K, 55 young (112640K), 18 survivors (36864K)
 Metaspace       used 126022K, committed 126976K, reserved 1179648K
  class space    used 17215K, committed 17664K, reserved 1048576K
GC Heap History (20 events):
Event: 14.390 GC heap before
{Heap before GC invocations=48 (full 0):
 garbage-first heap   total 249856K, used 150410K [0x0000000700000000, 0x0000000800000000)
  region size 2048K, 5 young (10240K), 1 survivors (2048K)
 Metaspace       used 106877K, committed 107648K, reserved 1179648K
  class space    used 14709K, committed 15104K, reserved 1048576K
}
Event: 14.393 GC heap after
{Heap after GC invocations=49 (full 0):
 garbage-first heap   total 307200K, used 147811K [0x0000000700000000, 0x0000000800000000)
  region size 2048K, 2 young (4096K), 2 survivors (4096K)
 Metaspace       used 106877K, committed 107648K, reserved 1179648K
  class space    used 14709K, committed 15104K, reserved 1048576K
}
Event: 15.378 GC heap before
{Heap before GC invocations=50 (full 0):
 garbage-first heap   total 307200K, used 254307K [0x0000000700000000, 0x0000000800000000)
  region size 2048K, 37 young (75776K), 2 survivors (4096K)
 Metaspace       used 107445K, committed 108352K, reserved 1179648K
  class space    used 14759K, committed 15168K, reserved 1048576K
}
Event: 15.385 GC heap after
{Heap after GC invocations=51 (full 0):
 garbage-first heap   total 307200K, used 153116K [0x0000000700000000, 0x0000000800000000)
  region size 2048K, 4 young (8192K), 4 survivors (8192K)
 Metaspace       used 107445K, committed 108352K, reserved 1179648K
  class space    used 14759K, committed 15168K, reserved 1048576K
}
Event: 15.408 GC heap before
{Heap before GC invocations=51 (full 0):
 garbage-first heap   total 307200K, used 157212K [0x0000000700000000, 0x0000000800000000)
  region size 2048K, 7 young (14336K), 4 survivors (8192K)
 Metaspace       used 107454K, committed 108352K, reserved 1179648K
  class space    used 14760K, committed 15168K, reserved 1048576K
}
Event: 15.416 GC heap after
{Heap after GC invocations=52 (full 0):
 garbage-first heap   total 307200K, used 153249K [0x0000000700000000, 0x0000000800000000)
  region size 2048K, 1 young (2048K), 1 survivors (2048K)
 Metaspace       used 107454K, committed 108352K, reserved 1179648K
  class space    used 14760K, committed 15168K, reserved 1048576K
}
Event: 15.688 GC heap before
{Heap before GC invocations=52 (full 0):
 garbage-first heap   total 307200K, used 224929K [0x0000000700000000, 0x0000000800000000)
  region size 2048K, 37 young (75776K), 1 survivors (2048K)
 Metaspace       used 110746K, committed 111616K, reserved 1179648K
  class space    used 15076K, committed 15488K, reserved 1048576K
}
Event: 15.694 GC heap after
{Heap after GC invocations=53 (full 0):
 garbage-first heap   total 307200K, used 163327K [0x0000000700000000, 0x0000000800000000)
  region size 2048K, 5 young (10240K), 5 survivors (10240K)
 Metaspace       used 110746K, committed 111616K, reserved 1179648K
  class space    used 15076K, committed 15488K, reserved 1048576K
}
Event: 15.928 GC heap before
{Heap before GC invocations=54 (full 0):
 garbage-first heap   total 307200K, used 214527K [0x0000000700000000, 0x0000000800000000)
  region size 2048K, 40 young (81920K), 5 survivors (10240K)
 Metaspace       used 111152K, committed 112064K, reserved 1179648K
  class space    used 15098K, committed 15552K, reserved 1048576K
}
Event: 15.934 GC heap after
{Heap after GC invocations=55 (full 0):
 garbage-first heap   total 307200K, used 148992K [0x0000000700000000, 0x0000000800000000)
  region size 2048K, 3 young (6144K), 3 survivors (6144K)
 Metaspace       used 111152K, committed 112064K, reserved 1179648K
  class space    used 15098K, committed 15552K, reserved 1048576K
}
Event: 15.967 GC heap before
{Heap before GC invocations=55 (full 0):
 garbage-first heap   total 307200K, used 157184K [0x0000000700000000, 0x0000000800000000)
  region size 2048K, 7 young (14336K), 3 survivors (6144K)
 Metaspace       used 111166K, committed 112064K, reserved 1179648K
  class space    used 15098K, committed 15552K, reserved 1048576K
}
Event: 15.972 GC heap after
{Heap after GC invocations=56 (full 0):
 garbage-first heap   total 307200K, used 127436K [0x0000000700000000, 0x0000000800000000)
  region size 2048K, 1 young (2048K), 1 survivors (2048K)
 Metaspace       used 111166K, committed 112064K, reserved 1179648K
  class space    used 15098K, committed 15552K, reserved 1048576K
}
Event: 16.220 GC heap before
{Heap before GC invocations=56 (full 0):
 garbage-first heap   total 307200K, used 225740K [0x0000000700000000, 0x0000000800000000)
  region size 2048K, 50 young (102400K), 1 survivors (2048K)
 Metaspace       used 113255K, committed 114112K, reserved 1179648K
  class space    used 15337K, committed 15744K, reserved 1048576K
}
Event: 16.223 GC heap after
{Heap after GC invocations=57 (full 0):
 garbage-first heap   total 307200K, used 130839K [0x0000000700000000, 0x0000000800000000)
  region size 2048K, 3 young (6144K), 3 survivors (6144K)
 Metaspace       used 113255K, committed 114112K, reserved 1179648K
  class space    used 15337K, committed 15744K, reserved 1048576K
}
Event: 16.836 GC heap before
{Heap before GC invocations=57 (full 0):
 garbage-first heap   total 307200K, used 235287K [0x0000000700000000, 0x0000000800000000)
  region size 2048K, 55 young (112640K), 3 survivors (6144K)
 Metaspace       used 115140K, committed 116032K, reserved 1179648K
  class space    used 15555K, committed 16000K, reserved 1048576K
}
Event: 16.843 GC heap after
{Heap after GC invocations=58 (full 0):
 garbage-first heap   total 614400K, used 136305K [0x0000000700000000, 0x0000000800000000)
  region size 2048K, 5 young (10240K), 5 survivors (10240K)
 Metaspace       used 115140K, committed 116032K, reserved 1179648K
  class space    used 15555K, committed 16000K, reserved 1048576K
}
Event: 17.838 GC heap before
{Heap before GC invocations=58 (full 0):
 garbage-first heap   total 614400K, used 420977K [0x0000000700000000, 0x0000000800000000)
  region size 2048K, 113 young (231424K), 5 survivors (10240K)
 Metaspace       used 119692K, committed 120640K, reserved 1179648K
  class space    used 16178K, committed 16640K, reserved 1048576K
}
Event: 17.850 GC heap after
{Heap after GC invocations=59 (full 0):
 garbage-first heap   total 614400K, used 205835K [0x0000000700000000, 0x0000000800000000)
  region size 2048K, 17 young (34816K), 17 survivors (34816K)
 Metaspace       used 119692K, committed 120640K, reserved 1179648K
  class space    used 16178K, committed 16640K, reserved 1048576K
}
Event: 19.032 GC heap before
{Heap before GC invocations=59 (full 0):
 garbage-first heap   total 614400K, used 494603K [0x0000000700000000, 0x0000000800000000)
  region size 2048K, 144 young (294912K), 17 survivors (34816K)
 Metaspace       used 124775K, committed 125696K, reserved 1179648K
  class space    used 17049K, committed 17536K, reserved 1048576K
}
Event: 19.081 GC heap after
{Heap after GC invocations=60 (full 0):
 garbage-first heap   total 614400K, used 281308K [0x0000000700000000, 0x0000000800000000)
  region size 2048K, 18 young (36864K), 18 survivors (36864K)
 Metaspace       used 124775K, committed 125696K, reserved 1179648K
  class space    used 17049K, committed 17536K, reserved 1048576K
}

