# JRE version: OpenJDK Runtime Environment (17.0.11) (build 17.0.11+0--11852314)
# Java VM: OpenJDK 64-Bit Server VM (17.0.11+0--11852314, mixed mode, tiered, compressed oops, compressed class ptrs, g1 gc, windows-amd64)
GC Precious Log:
 CPUs: 12 total, 12 available
 Memory: 16105M
 Large Page Support: Disabled
 NUMA Support: Disabled
 Compressed Oops: Enabled (Zero based)
 Heap Region Size: 2M
 Heap Min Capacity: 8M
 Heap Initial Capacity: 252M
 Heap Max Capacity: 4028M
 Pre-touch: Disabled
 Parallel Workers: 10
 Concurrent Workers: 3
 Concurrent Refinement Workers: 10
 Periodic GC: Disabled
Heap:
 garbage-first heap   total 149504K, used 62300K [0x0000000704400000, 0x0000000800000000)
  region size 2048K, 22 young (45056K), 5 survivors (10240K)
 Metaspace       used 55211K, committed 55424K, reserved 1114112K
  class space    used 6621K, committed 6720K, reserved 1048576K
GC Heap History (18 events):
Event: 1.136 GC heap before
{Heap before GC invocations=0 (full 0):
 garbage-first heap   total 258048K, used 24576K [0x0000000704400000, 0x0000000800000000)
  region size 2048K, 11 young (22528K), 0 survivors (0K)
 Metaspace       used 12928K, committed 12992K, reserved 1114112K
  class space    used 1236K, committed 1280K, reserved 1048576K
}
Event: 1.143 GC heap after
{Heap after GC invocations=1 (full 0):
 garbage-first heap   total 258048K, used 6578K [0x0000000704400000, 0x0000000800000000)
  region size 2048K, 2 young (4096K), 2 survivors (4096K)
 Metaspace       used 12928K, committed 12992K, reserved 1114112K
  class space    used 1236K, committed 1280K, reserved 1048576K
}
Event: 2.513 GC heap before
{Heap before GC invocations=1 (full 0):
 garbage-first heap   total 258048K, used 37298K [0x0000000704400000, 0x0000000800000000)
  region size 2048K, 19 young (38912K), 2 survivors (4096K)
 Metaspace       used 21384K, committed 21504K, reserved 1114112K
  class space    used 2338K, committed 2432K, reserved 1048576K
}
Event: 2.518 GC heap after
{Heap after GC invocations=2 (full 0):
 garbage-first heap   total 258048K, used 8409K [0x0000000704400000, 0x0000000800000000)
  region size 2048K, 3 young (6144K), 3 survivors (6144K)
 Metaspace       used 21384K, committed 21504K, reserved 1114112K
  class space    used 2338K, committed 2432K, reserved 1048576K
}
Event: 3.513 GC heap before
{Heap before GC invocations=3 (full 0):
 garbage-first heap   total 40960K, used 28889K [0x0000000704400000, 0x0000000800000000)
  region size 2048K, 14 young (28672K), 3 survivors (6144K)
 Metaspace       used 28508K, committed 28736K, reserved 1114112K
  class space    used 3544K, committed 3648K, reserved 1048576K
}
Event: 3.521 GC heap after
{Heap after GC invocations=4 (full 0):
 garbage-first heap   total 40960K, used 9264K [0x0000000704400000, 0x0000000800000000)
  region size 2048K, 3 young (6144K), 3 survivors (6144K)
 Metaspace       used 28508K, committed 28736K, reserved 1114112K
  class space    used 3544K, committed 3648K, reserved 1048576K
}
Event: 3.882 GC heap before
{Heap before GC invocations=4 (full 0):
 garbage-first heap   total 40960K, used 29744K [0x0000000704400000, 0x0000000800000000)
  region size 2048K, 12 young (24576K), 3 survivors (6144K)
 Metaspace       used 29353K, committed 29568K, reserved 1114112K
  class space    used 3621K, committed 3712K, reserved 1048576K
}
Event: 3.895 GC heap after
{Heap after GC invocations=5 (full 0):
 garbage-first heap   total 40960K, used 15900K [0x0000000704400000, 0x0000000800000000)
  region size 2048K, 2 young (4096K), 2 survivors (4096K)
 Metaspace       used 29353K, committed 29568K, reserved 1114112K
  class space    used 3621K, committed 3712K, reserved 1048576K
}
Event: 4.299 GC heap before
{Heap before GC invocations=5 (full 0):
 garbage-first heap   total 40960K, used 28188K [0x0000000704400000, 0x0000000800000000)
  region size 2048K, 8 young (16384K), 2 survivors (4096K)
 Metaspace       used 32739K, committed 33024K, reserved 1114112K
  class space    used 4214K, committed 4352K, reserved 1048576K
}
Event: 4.310 GC heap after
{Heap after GC invocations=6 (full 0):
 garbage-first heap   total 40960K, used 17947K [0x0000000704400000, 0x0000000800000000)
  region size 2048K, 1 young (2048K), 1 survivors (2048K)
 Metaspace       used 32739K, committed 33024K, reserved 1114112K
  class space    used 4214K, committed 4352K, reserved 1048576K
}
Event: 4.712 GC heap before
{Heap before GC invocations=6 (full 0):
 garbage-first heap   total 40960K, used 28187K [0x0000000704400000, 0x0000000800000000)
  region size 2048K, 7 young (14336K), 1 survivors (2048K)
 Metaspace       used 34973K, committed 35136K, reserved 1114112K
  class space    used 4449K, committed 4544K, reserved 1048576K
}
Event: 4.720 GC heap after
{Heap after GC invocations=7 (full 0):
 garbage-first heap   total 40960K, used 17704K [0x0000000704400000, 0x0000000800000000)
  region size 2048K, 1 young (2048K), 1 survivors (2048K)
 Metaspace       used 34973K, committed 35136K, reserved 1114112K
  class space    used 4449K, committed 4544K, reserved 1048576K
}
Event: 4.840 GC heap before
{Heap before GC invocations=7 (full 0):
 garbage-first heap   total 40960K, used 21800K [0x0000000704400000, 0x0000000800000000)
  region size 2048K, 4 young (8192K), 1 survivors (2048K)
 Metaspace       used 35936K, committed 36160K, reserved 1114112K
  class space    used 4563K, committed 4672K, reserved 1048576K
}
Event: 4.844 GC heap after
{Heap after GC invocations=8 (full 0):
 garbage-first heap   total 40960K, used 18579K [0x0000000704400000, 0x0000000800000000)
  region size 2048K, 1 young (2048K), 1 survivors (2048K)
 Metaspace       used 35936K, committed 36160K, reserved 1114112K
  class space    used 4563K, committed 4672K, reserved 1048576K
}
Event: 5.142 GC heap before
{Heap before GC invocations=9 (full 0):
 garbage-first heap   total 40960K, used 28819K [0x0000000704400000, 0x0000000800000000)
  region size 2048K, 6 young (12288K), 1 survivors (2048K)
 Metaspace       used 37960K, committed 38208K, reserved 1114112K
  class space    used 4775K, committed 4864K, reserved 1048576K
}
Event: 5.147 GC heap after
{Heap after GC invocations=10 (full 0):
 garbage-first heap   total 149504K, used 19547K [0x0000000704400000, 0x0000000800000000)
  region size 2048K, 1 young (2048K), 1 survivors (2048K)
 Metaspace       used 37960K, committed 38208K, reserved 1114112K
  class space    used 4775K, committed 4864K, reserved 1048576K
}
Event: 7.394 GC heap before
{Heap before GC invocations=10 (full 0):
 garbage-first heap   total 149504K, used 103515K [0x0000000704400000, 0x0000000800000000)
  region size 2048K, 41 young (83968K), 1 survivors (2048K)
 Metaspace       used 50049K, committed 50240K, reserved 1114112K
  class space    used 6076K, committed 6144K, reserved 1048576K
}
Event: 7.408 GC heap after
{Heap after GC invocations=11 (full 0):
 garbage-first heap   total 149504K, used 29532K [0x0000000704400000, 0x0000000800000000)
  region size 2048K, 5 young (10240K), 5 survivors (10240K)
 Metaspace       used 50049K, committed 50240K, reserved 1114112K
  class space    used 6076K, committed 6144K, reserved 1048576K
}

